<?xml version="1.0" encoding="UTF-8"?>
<testsuites>
  <testsuite name="" tests="4" assertions="6" errors="0" warnings="0" failures="0" skipped="0" time="0.326423">
    <testsuite name="Project Test Suite" tests="4" assertions="6" errors="0" warnings="0" failures="0" skipped="0" time="0.326423">
      <testsuite name="App\Tests\ModuleCrudTest" file="/Users/matt/Documents/Books/php-symfony-6-book-codes/part99-testing/test09_userRoleTest/tests/ModuleCrudTest.php" tests="4" assertions="6" errors="0" warnings="0" failures="0" skipped="0" time="0.326423">
        <testcase name="testHomePageTitleText" class="App\Tests\ModuleCrudTest" classname="App.Tests.ModuleCrudTest" file="/Users/matt/Documents/Books/php-symfony-6-book-codes/part99-testing/test09_userRoleTest/tests/ModuleCrudTest.php" line="13" assertions="3" time="0.144107"/>
        <testcase name="testPublicUserCanNotSeeNewModuleLink" class="App\Tests\ModuleCrudTest" classname="App.Tests.ModuleCrudTest" file="/Users/matt/Documents/Books/php-symfony-6-book-codes/part99-testing/test09_userRoleTest/tests/ModuleCrudTest.php" line="22" assertions="1" time="0.004848"/>
        <testcase name="testRoleAdminUserCanSeeNewModuleLink" class="App\Tests\ModuleCrudTest" classname="App.Tests.ModuleCrudTest" file="/Users/matt/Documents/Books/php-symfony-6-book-codes/part99-testing/test09_userRoleTest/tests/ModuleCrudTest.php" line="32" assertions="1" time="0.028299"/>
        <testcase name="testUserCannotAccessModuleCrudAccessDeniedException" class="App\Tests\ModuleCrudTest" classname="App.Tests.ModuleCrudTest" file="/Users/matt/Documents/Books/php-symfony-6-book-codes/part99-testing/test09_userRoleTest/tests/ModuleCrudTest.php" line="50" assertions="1" time="0.149169"/>
      </testsuite>
    </testsuite>
  </testsuite>
</testsuites>
